<?xml version="1.0" encoding="UTF-8" standalone="no"?>
<testsuite failures="0" name="cucumber.runtime.formatter.JUnitFormatter" skipped="0" tests="1" time="792.959664">
<testcase classname="Retail" name="Retail With Order" time="792.959664">
<system-out><![CDATA[Given Navigate to the "https://shop.unicity.com/#/home" application.........passed
Then Select State...........................................................passed
Then Retail Home Page.......................................................passed
Then Retail All Products....................................................passed
Then Retail Products........................................................passed
Then Retail Accessories.....................................................passed
Then Retail All Products in List View.......................................passed
Then Retail Products in List View...........................................passed
Then Retail Accessories in List View........................................passed
When Added Retail Product to Cart...........................................passed
Then Check the Retail Cart Details..........................................passed
When Remove Retail Products from Cart.......................................passed
Then Add Retail Products To Cart............................................passed
Then Check Retail Product...................................................passed
Then Check Retail Cart......................................................passed
Then Sign Up Retail Customer................................................passed
Then Check Retail Form Fields...............................................passed
When Retail Payment Fields..................................................passed
Then Banks Names............................................................passed
Then Retail Order Summary...................................................passed
When Retail Review Fields...................................................passed
Then Retail Shipping Information............................................passed
Then Retail Contact Information.............................................passed
Then Payment Information....................................................passed
When Retail Update Shipping.................................................passed
When Retail Update Contact..................................................passed
When Retail Update Payment..................................................passed
When Retail Go Back.........................................................passed
Then Retail Review Orders...................................................passed
When Retail Placed Order Fields.............................................passed
Then Placed Retail Shipping Information.....................................passed
Then Placed Contact Information.............................................passed
Then Placed Payment Information.............................................passed
Then Retail Placed Orders...................................................passed
When Retail Return Home.....................................................passed
When Logout.................................................................passed
]]></system-out>
</testcase>
</testsuite>
