<?xml version="1.0" encoding="UTF-8" standalone="no"?>
<testsuite failures="0" name="cucumber.runtime.formatter.JUnitFormatter" skipped="0" tests="1" time="964.420122">
<testcase classname="BankWire" name="BankWire" time="964.420122">
<system-out><![CDATA[Given Navigate to the "https://shop.unicity.com/#/home" application.........passed
Given 108639101 and 1234....................................................passed
Then Home Page 108639101....................................................passed
Then All Products...........................................................passed
And Products................................................................passed
And Accessories.............................................................passed
When Search Product.........................................................passed
Then All Products in List View..............................................passed
And Products in List View...................................................passed
And Accessories in List View................................................passed
When Product Added to Cart 108639101........................................passed
Then Check the Cart Details.................................................passed
When Remove Products from Cart..............................................passed
Then Add Products To Cart 108639101.........................................passed
Then Check Product..........................................................passed
Then Check Cart.............................................................passed
When Cart Go Back...........................................................passed
When Check Out 108639101....................................................passed
Then Check Form Fields......................................................passed
When Payment Go Back........................................................passed
When Payment Fields 108639101...............................................passed
Then Banks Names............................................................passed
Then Order Summary..........................................................passed
When Review Fields 108639101................................................passed
Then Shipping Information 108639101.........................................passed
Then Contact Information 108639101..........................................passed
Then Payment Information....................................................passed
When Update Shipping........................................................passed
When Update Contact.........................................................passed
When Update Payment.........................................................passed
When Go Back................................................................passed
Then Review Orders..........................................................passed
When Placed Order Fields 108639101..........................................passed
Then Placed Shipping Information............................................passed
Then Placed Contact Information.............................................passed
Then Placed Payment Information.............................................passed
Then Placed Orders..........................................................passed
When Return Home 108639101..................................................passed
When Logout.................................................................passed
]]></system-out>
</testcase>
</testsuite>
