<?xml version="1.0" encoding="UTF-8" standalone="no"?>
<testsuite failures="10" name="cucumber.runtime.formatter.JUnitFormatter" skipped="0" tests="33" time="3809.159454">
<testcase classname="All Users" name="Andama Nicobar User" time="118.172452">
<system-out><![CDATA[Given Navigate to the "https://shop.unicity.com/#/home" application.........passed
Given 206914401 and 0155....................................................passed
Then Home Page 206914401....................................................passed
Then Add Products To Cart 206914401.........................................passed
Then Check Product..........................................................passed
Then Check Cart.............................................................passed
Then Check Form Fields......................................................passed
Then Payment Avenue.........................................................passed
Then Review Orders..........................................................passed
When Review Fields 206914401................................................passed
Then Shipping Information 206914401.........................................passed
Then Contact Information 206914401..........................................passed
Then Payment Information CCAvenue...........................................passed
Then CCAvenue Payment Details...............................................passed
]]></system-out>
</testcase>
<testcase classname="All Users" name="Andhra Pradesh User" time="125.919404">
<system-out><![CDATA[Given Navigate to the "https://shop.unicity.com/#/home" application.........passed
Given 314852591 and asiaaktar...............................................passed
Then Home Page 314852591....................................................passed
Then Add Products To Cart 314852591.........................................passed
Then Check Product..........................................................passed
Then Check Cart.............................................................passed
Then Check Form Fields......................................................passed
Then Payment Avenue.........................................................passed
Then Review Orders..........................................................passed
When Review Fields 314852591................................................passed
Then Shipping Information 314852591.........................................passed
Then Contact Information 314852591..........................................passed
Then Payment Information CCAvenue...........................................passed
Then CCAvenue Payment Details...............................................passed
]]></system-out>
</testcase>
<testcase classname="All Users" name="Arunachal Pradesh User" time="254.007608">
<failure message="org.openqa.selenium.NoSuchElementException: no such element: Unable to locate element: {&quot;method&quot;:&quot;css selector&quot;,&quot;selector&quot;:&quot;#creditCardNumber&quot;}&#10;  (Session info: chrome=80.0.3987.149)&#10;For documentation on this error, please visit: https://www.seleniumhq.org/exceptions/no_such_element.html&#10;Build info: version: '3.141.59', revision: 'e82be7d358', time: '2018-11-14T08:17:03'&#10;System info: host: 'QASERVER01', ip: '10.2.0.23', os.name: 'Windows Server 2012 R2', os.arch: 'amd64', os.version: '6.3', java.version: '1.8.0_111'&#10;Driver info: org.openqa.selenium.chrome.ChromeDriver&#10;Capabilities {acceptInsecureCerts: false, browserName: chrome, browserVersion: 80.0.3987.149, chrome: {chromedriverVersion: 80.0.3987.106 (f68069574609..., userDataDir: C:\Users\sumancb\AppData\Lo...}, goog:chromeOptions: {debuggerAddress: localhost:50122}, javascriptEnabled: true, networkConnectionEnabled: false, pageLoadStrategy: normal, platform: WINDOWS, platformName: WINDOWS, proxy: Proxy(), setWindowRect: true, strictFileInteractability: false, timeouts: {implicit: 0, pageLoad: 300000, script: 30000}, unhandledPromptBehavior: dismiss and notify}&#10;Session ID: e79fc71c41ae1c1d241d63026c437263&#10;*** Element info: {Using=id, value=creditCardNumber}&#13;&#10;&#9;at sun.reflect.NativeConstructorAccessorImpl.newInstance0(Native Method)&#13;&#10;&#9;at sun.reflect.NativeConstructorAccessorImpl.newInstance(NativeConstructorAccessorImpl.java:62)&#13;&#10;&#9;at sun.reflect.DelegatingConstructorAccessorImpl.newInstance(DelegatingConstructorAccessorImpl.java:45)&#13;&#10;&#9;at java.lang.reflect.Constructor.newInstance(Constructor.java:423)&#13;&#10;&#9;at org.openqa.selenium.remote.http.W3CHttpResponseCodec.createException(W3CHttpResponseCodec.java:187)&#13;&#10;&#9;at org.openqa.selenium.remote.http.W3CHttpResponseCodec.decode(W3CHttpResponseCodec.java:122)&#13;&#10;&#9;at org.openqa.selenium.remote.http.W3CHttpResponseCodec.decode(W3CHttpResponseCodec.java:49)&#13;&#10;&#9;at org.openqa.selenium.remote.HttpCommandExecutor.execute(HttpCommandExecutor.java:158)&#13;&#10;&#9;at org.openqa.selenium.remote.service.DriverCommandExecutor.execute(DriverCommandExecutor.java:83)&#13;&#10;&#9;at org.openqa.selenium.remote.RemoteWebDriver.execute(RemoteWebDriver.java:552)&#13;&#10;&#9;at org.openqa.selenium.remote.RemoteWebDriver.findElement(RemoteWebDriver.java:323)&#13;&#10;&#9;at org.openqa.selenium.remote.RemoteWebDriver.findElementById(RemoteWebDriver.java:372)&#13;&#10;&#9;at org.openqa.selenium.By$ById.findElement(By.java:188)&#13;&#10;&#9;at org.openqa.selenium.remote.RemoteWebDriver.findElement(RemoteWebDriver.java:315)&#13;&#10;&#9;at org.openqa.selenium.support.pagefactory.DefaultElementLocator.findElement(DefaultElementLocator.java:69)&#13;&#10;&#9;at org.openqa.selenium.support.pagefactory.internal.LocatingElementHandler.invoke(LocatingElementHandler.java:38)&#13;&#10;&#9;at com.sun.proxy.$Proxy17.sendKeys(Unknown Source)&#13;&#10;&#9;at POM.CCAvenuePage.ccavenue(CCAvenuePage.java:35)&#13;&#10;&#9;at stepDefinitions.CCAvenue.ccavenue_payment_details(CCAvenue.java:16)&#13;&#10;&#9;at ✽.Then CCAvenue Payment Details(AllUsers.feature:24)&#13;&#10;"><![CDATA[Given Navigate to the "https://shop.unicity.com/#/home" application.........passed
Given 312579891 and FXmpqm..................................................passed
Then Home Page 312579891....................................................passed
Then Add Products To Cart 312579891.........................................passed
Then Check Product..........................................................passed
Then Check Cart.............................................................passed
Then Check Form Fields......................................................passed
Then Payment Avenue.........................................................passed
Then Review Orders..........................................................passed
When Review Fields 312579891................................................passed
Then Shipping Information 312579891.........................................passed
Then Contact Information 312579891..........................................passed
Then Payment Information CCAvenue...........................................passed
Then CCAvenue Payment Details...............................................failed

StackTrace:
org.openqa.selenium.NoSuchElementException: no such element: Unable to locate element: {"method":"css selector","selector":"#creditCardNumber"}
  (Session info: chrome=80.0.3987.149)
For documentation on this error, please visit: https://www.seleniumhq.org/exceptions/no_such_element.html
Build info: version: '3.141.59', revision: 'e82be7d358', time: '2018-11-14T08:17:03'
System info: host: 'QASERVER01', ip: '10.2.0.23', os.name: 'Windows Server 2012 R2', os.arch: 'amd64', os.version: '6.3', java.version: '1.8.0_111'
Driver info: org.openqa.selenium.chrome.ChromeDriver
Capabilities {acceptInsecureCerts: false, browserName: chrome, browserVersion: 80.0.3987.149, chrome: {chromedriverVersion: 80.0.3987.106 (f68069574609..., userDataDir: C:\Users\sumancb\AppData\Lo...}, goog:chromeOptions: {debuggerAddress: localhost:50122}, javascriptEnabled: true, networkConnectionEnabled: false, pageLoadStrategy: normal, platform: WINDOWS, platformName: WINDOWS, proxy: Proxy(), setWindowRect: true, strictFileInteractability: false, timeouts: {implicit: 0, pageLoad: 300000, script: 30000}, unhandledPromptBehavior: dismiss and notify}
Session ID: e79fc71c41ae1c1d241d63026c437263
*** Element info: {Using=id, value=creditCardNumber}
	at sun.reflect.NativeConstructorAccessorImpl.newInstance0(Native Method)
	at sun.reflect.NativeConstructorAccessorImpl.newInstance(NativeConstructorAccessorImpl.java:62)
	at sun.reflect.DelegatingConstructorAccessorImpl.newInstance(DelegatingConstructorAccessorImpl.java:45)
	at java.lang.reflect.Constructor.newInstance(Constructor.java:423)
	at org.openqa.selenium.remote.http.W3CHttpResponseCodec.createException(W3CHttpResponseCodec.java:187)
	at org.openqa.selenium.remote.http.W3CHttpResponseCodec.decode(W3CHttpResponseCodec.java:122)
	at org.openqa.selenium.remote.http.W3CHttpResponseCodec.decode(W3CHttpResponseCodec.java:49)
	at org.openqa.selenium.remote.HttpCommandExecutor.execute(HttpCommandExecutor.java:158)
	at org.openqa.selenium.remote.service.DriverCommandExecutor.execute(DriverCommandExecutor.java:83)
	at org.openqa.selenium.remote.RemoteWebDriver.execute(RemoteWebDriver.java:552)
	at org.openqa.selenium.remote.RemoteWebDriver.findElement(RemoteWebDriver.java:323)
	at org.openqa.selenium.remote.RemoteWebDriver.findElementById(RemoteWebDriver.java:372)
	at org.openqa.selenium.By$ById.findElement(By.java:188)
	at org.openqa.selenium.remote.RemoteWebDriver.findElement(RemoteWebDriver.java:315)
	at org.openqa.selenium.support.pagefactory.DefaultElementLocator.findElement(DefaultElementLocator.java:69)
	at org.openqa.selenium.support.pagefactory.internal.LocatingElementHandler.invoke(LocatingElementHandler.java:38)
	at com.sun.proxy.$Proxy17.sendKeys(Unknown Source)
	at POM.CCAvenuePage.ccavenue(CCAvenuePage.java:35)
	at stepDefinitions.CCAvenue.ccavenue_payment_details(CCAvenue.java:16)
	at ✽.Then CCAvenue Payment Details(AllUsers.feature:24)
]]></failure>
</testcase>
<testcase classname="All Users" name="Assam User" time="100.252992">
<failure message="org.openqa.selenium.NoSuchElementException: no such element: Unable to locate element: {&quot;method&quot;:&quot;xpath&quot;,&quot;selector&quot;:&quot;//translate[contains(text(), 'Bank 2')]&quot;}&#10;  (Session info: chrome=80.0.3987.149)&#10;For documentation on this error, please visit: https://www.seleniumhq.org/exceptions/no_such_element.html&#10;Build info: version: '3.141.59', revision: 'e82be7d358', time: '2018-11-14T08:17:03'&#10;System info: host: 'QASERVER01', ip: '10.2.0.23', os.name: 'Windows Server 2012 R2', os.arch: 'amd64', os.version: '6.3', java.version: '1.8.0_111'&#10;Driver info: org.openqa.selenium.chrome.ChromeDriver&#10;Capabilities {acceptInsecureCerts: false, browserName: chrome, browserVersion: 80.0.3987.149, chrome: {chromedriverVersion: 80.0.3987.106 (f68069574609..., userDataDir: C:\Users\sumancb\AppData\Lo...}, goog:chromeOptions: {debuggerAddress: localhost:50195}, javascriptEnabled: true, networkConnectionEnabled: false, pageLoadStrategy: normal, platform: WINDOWS, platformName: WINDOWS, proxy: Proxy(), setWindowRect: true, strictFileInteractability: false, timeouts: {implicit: 0, pageLoad: 300000, script: 30000}, unhandledPromptBehavior: dismiss and notify}&#10;Session ID: 27dcaf51dba4b9363d72a98695710f04&#10;*** Element info: {Using=xpath, value=//translate[contains(text(), 'Bank 2')]}&#13;&#10;&#9;at sun.reflect.NativeConstructorAccessorImpl.newInstance0(Native Method)&#13;&#10;&#9;at sun.reflect.NativeConstructorAccessorImpl.newInstance(NativeConstructorAccessorImpl.java:62)&#13;&#10;&#9;at sun.reflect.DelegatingConstructorAccessorImpl.newInstance(DelegatingConstructorAccessorImpl.java:45)&#13;&#10;&#9;at java.lang.reflect.Constructor.newInstance(Constructor.java:423)&#13;&#10;&#9;at org.openqa.selenium.remote.http.W3CHttpResponseCodec.createException(W3CHttpResponseCodec.java:187)&#13;&#10;&#9;at org.openqa.selenium.remote.http.W3CHttpResponseCodec.decode(W3CHttpResponseCodec.java:122)&#13;&#10;&#9;at org.openqa.selenium.remote.http.W3CHttpResponseCodec.decode(W3CHttpResponseCodec.java:49)&#13;&#10;&#9;at org.openqa.selenium.remote.HttpCommandExecutor.execute(HttpCommandExecutor.java:158)&#13;&#10;&#9;at org.openqa.selenium.remote.service.DriverCommandExecutor.execute(DriverCommandExecutor.java:83)&#13;&#10;&#9;at org.openqa.selenium.remote.RemoteWebDriver.execute(RemoteWebDriver.java:552)&#13;&#10;&#9;at org.openqa.selenium.remote.RemoteWebDriver.findElement(RemoteWebDriver.java:323)&#13;&#10;&#9;at org.openqa.selenium.remote.RemoteWebDriver.findElementByXPath(RemoteWebDriver.java:428)&#13;&#10;&#9;at org.openqa.selenium.By$ByXPath.findElement(By.java:353)&#13;&#10;&#9;at org.openqa.selenium.remote.RemoteWebDriver.findElement(RemoteWebDriver.java:315)&#13;&#10;&#9;at org.openqa.selenium.support.pagefactory.DefaultElementLocator.findElement(DefaultElementLocator.java:69)&#13;&#10;&#9;at org.openqa.selenium.support.pagefactory.internal.LocatingElementHandler.invoke(LocatingElementHandler.java:38)&#13;&#10;&#9;at com.sun.proxy.$Proxy17.click(Unknown Source)&#13;&#10;&#9;at POM.PaymentPage.CCAvenue(PaymentPage.java:132)&#13;&#10;&#9;at stepDefinitions.Payment.payment_avenue(Payment.java:58)&#13;&#10;&#9;at ✽.Then Payment Avenue(AllUsers.feature:15)&#13;&#10;"><![CDATA[Given Navigate to the "https://shop.unicity.com/#/home" application.........passed
Given 205146001 and baba69..................................................passed
Then Home Page 205146001....................................................passed
Then Add Products To Cart 205146001.........................................passed
Then Check Product..........................................................passed
Then Check Cart.............................................................passed
Then Check Form Fields......................................................passed
Then Payment Avenue.........................................................failed
Then Review Orders..........................................................skipped
When Review Fields 205146001................................................skipped
Then Shipping Information 205146001.........................................skipped
Then Contact Information 205146001..........................................skipped
Then Payment Information CCAvenue...........................................skipped
Then CCAvenue Payment Details...............................................skipped

StackTrace:
org.openqa.selenium.NoSuchElementException: no such element: Unable to locate element: {"method":"xpath","selector":"//translate[contains(text(), 'Bank 2')]"}
  (Session info: chrome=80.0.3987.149)
For documentation on this error, please visit: https://www.seleniumhq.org/exceptions/no_such_element.html
Build info: version: '3.141.59', revision: 'e82be7d358', time: '2018-11-14T08:17:03'
System info: host: 'QASERVER01', ip: '10.2.0.23', os.name: 'Windows Server 2012 R2', os.arch: 'amd64', os.version: '6.3', java.version: '1.8.0_111'
Driver info: org.openqa.selenium.chrome.ChromeDriver
Capabilities {acceptInsecureCerts: false, browserName: chrome, browserVersion: 80.0.3987.149, chrome: {chromedriverVersion: 80.0.3987.106 (f68069574609..., userDataDir: C:\Users\sumancb\AppData\Lo...}, goog:chromeOptions: {debuggerAddress: localhost:50195}, javascriptEnabled: true, networkConnectionEnabled: false, pageLoadStrategy: normal, platform: WINDOWS, platformName: WINDOWS, proxy: Proxy(), setWindowRect: true, strictFileInteractability: false, timeouts: {implicit: 0, pageLoad: 300000, script: 30000}, unhandledPromptBehavior: dismiss and notify}
Session ID: 27dcaf51dba4b9363d72a98695710f04
*** Element info: {Using=xpath, value=//translate[contains(text(), 'Bank 2')]}
	at sun.reflect.NativeConstructorAccessorImpl.newInstance0(Native Method)
	at sun.reflect.NativeConstructorAccessorImpl.newInstance(NativeConstructorAccessorImpl.java:62)
	at sun.reflect.DelegatingConstructorAccessorImpl.newInstance(DelegatingConstructorAccessorImpl.java:45)
	at java.lang.reflect.Constructor.newInstance(Constructor.java:423)
	at org.openqa.selenium.remote.http.W3CHttpResponseCodec.createException(W3CHttpResponseCodec.java:187)
	at org.openqa.selenium.remote.http.W3CHttpResponseCodec.decode(W3CHttpResponseCodec.java:122)
	at org.openqa.selenium.remote.http.W3CHttpResponseCodec.decode(W3CHttpResponseCodec.java:49)
	at org.openqa.selenium.remote.HttpCommandExecutor.execute(HttpCommandExecutor.java:158)
	at org.openqa.selenium.remote.service.DriverCommandExecutor.execute(DriverCommandExecutor.java:83)
	at org.openqa.selenium.remote.RemoteWebDriver.execute(RemoteWebDriver.java:552)
	at org.openqa.selenium.remote.RemoteWebDriver.findElement(RemoteWebDriver.java:323)
	at org.openqa.selenium.remote.RemoteWebDriver.findElementByXPath(RemoteWebDriver.java:428)
	at org.openqa.selenium.By$ByXPath.findElement(By.java:353)
	at org.openqa.selenium.remote.RemoteWebDriver.findElement(RemoteWebDriver.java:315)
	at org.openqa.selenium.support.pagefactory.DefaultElementLocator.findElement(DefaultElementLocator.java:69)
	at org.openqa.selenium.support.pagefactory.internal.LocatingElementHandler.invoke(LocatingElementHandler.java:38)
	at com.sun.proxy.$Proxy17.click(Unknown Source)
	at POM.PaymentPage.CCAvenue(PaymentPage.java:132)
	at stepDefinitions.Payment.payment_avenue(Payment.java:58)
	at ✽.Then Payment Avenue(AllUsers.feature:15)
]]></failure>
</testcase>
<testcase classname="All Users" name="Bihar User" time="117.623146">
<system-out><![CDATA[Given Navigate to the "https://shop.unicity.com/#/home" application.........passed
Given 312709091 and JjQtYS..................................................passed
Then Home Page 312709091....................................................passed
Then Add Products To Cart 312709091.........................................passed
Then Check Product..........................................................passed
Then Check Cart.............................................................passed
Then Check Form Fields......................................................passed
Then Payment Avenue.........................................................passed
Then Review Orders..........................................................passed
When Review Fields 312709091................................................passed
Then Shipping Information 312709091.........................................passed
Then Contact Information 312709091..........................................passed
Then Payment Information CCAvenue...........................................passed
Then CCAvenue Payment Details...............................................passed
]]></system-out>
</testcase>
<testcase classname="All Users" name="Chandigarh User" time="65.329801">
<failure message="org.openqa.selenium.ElementNotInteractableException: element not interactable&#10;  (Session info: chrome=80.0.3987.149)&#10;Build info: version: '3.141.59', revision: 'e82be7d358', time: '2018-11-14T08:17:03'&#10;System info: host: 'QASERVER01', ip: '10.2.0.23', os.name: 'Windows Server 2012 R2', os.arch: 'amd64', os.version: '6.3', java.version: '1.8.0_111'&#10;Driver info: org.openqa.selenium.chrome.ChromeDriver&#10;Capabilities {acceptInsecureCerts: false, browserName: chrome, browserVersion: 80.0.3987.149, chrome: {chromedriverVersion: 80.0.3987.106 (f68069574609..., userDataDir: C:\Users\sumancb\AppData\Lo...}, goog:chromeOptions: {debuggerAddress: localhost:50351}, javascriptEnabled: true, networkConnectionEnabled: false, pageLoadStrategy: normal, platform: WINDOWS, platformName: WINDOWS, proxy: Proxy(), setWindowRect: true, strictFileInteractability: false, timeouts: {implicit: 0, pageLoad: 300000, script: 30000}, unhandledPromptBehavior: dismiss and notify}&#10;Session ID: aec7f332062135b101a4bcef090c26da&#13;&#10;&#9;at sun.reflect.NativeConstructorAccessorImpl.newInstance0(Native Method)&#13;&#10;&#9;at sun.reflect.NativeConstructorAccessorImpl.newInstance(NativeConstructorAccessorImpl.java:62)&#13;&#10;&#9;at sun.reflect.DelegatingConstructorAccessorImpl.newInstance(DelegatingConstructorAccessorImpl.java:45)&#13;&#10;&#9;at java.lang.reflect.Constructor.newInstance(Constructor.java:423)&#13;&#10;&#9;at org.openqa.selenium.remote.http.W3CHttpResponseCodec.createException(W3CHttpResponseCodec.java:187)&#13;&#10;&#9;at org.openqa.selenium.remote.http.W3CHttpResponseCodec.decode(W3CHttpResponseCodec.java:122)&#13;&#10;&#9;at org.openqa.selenium.remote.http.W3CHttpResponseCodec.decode(W3CHttpResponseCodec.java:49)&#13;&#10;&#9;at org.openqa.selenium.remote.HttpCommandExecutor.execute(HttpCommandExecutor.java:158)&#13;&#10;&#9;at org.openqa.selenium.remote.service.DriverCommandExecutor.execute(DriverCommandExecutor.java:83)&#13;&#10;&#9;at org.openqa.selenium.remote.RemoteWebDriver.execute(RemoteWebDriver.java:552)&#13;&#10;&#9;at org.openqa.selenium.remote.RemoteWebElement.execute(RemoteWebElement.java:285)&#13;&#10;&#9;at org.openqa.selenium.remote.RemoteWebElement.click(RemoteWebElement.java:84)&#13;&#10;&#9;at sun.reflect.GeneratedMethodAccessor11.invoke(Unknown Source)&#13;&#10;&#9;at sun.reflect.DelegatingMethodAccessorImpl.invoke(DelegatingMethodAccessorImpl.java:43)&#13;&#10;&#9;at java.lang.reflect.Method.invoke(Method.java:498)&#13;&#10;&#9;at org.openqa.selenium.support.pagefactory.internal.LocatingElementHandler.invoke(LocatingElementHandler.java:51)&#13;&#10;&#9;at com.sun.proxy.$Proxy17.click(Unknown Source)&#13;&#10;&#9;at POM.HomePage.Menu(HomePage.java:217)&#13;&#10;&#9;at stepDefinitions.Home.homepage(Home.java:29)&#13;&#10;&#9;at ✽.Then Home Page 313979091(AllUsers.feature:7)&#13;&#10;"><![CDATA[Given Navigate to the "https://shop.unicity.com/#/home" application.........passed
Given 313979091 and acSjac..................................................passed
Then Home Page 313979091....................................................failed
Then Add Products To Cart 313979091.........................................skipped
Then Check Product..........................................................skipped
Then Check Cart.............................................................skipped
Then Check Form Fields......................................................skipped
Then Payment Avenue.........................................................skipped
Then Review Orders..........................................................skipped
When Review Fields 313979091................................................skipped
Then Shipping Information 313979091.........................................skipped
Then Contact Information 313979091..........................................skipped
Then Payment Information CCAvenue...........................................skipped
Then CCAvenue Payment Details...............................................skipped

StackTrace:
org.openqa.selenium.ElementNotInteractableException: element not interactable
  (Session info: chrome=80.0.3987.149)
Build info: version: '3.141.59', revision: 'e82be7d358', time: '2018-11-14T08:17:03'
System info: host: 'QASERVER01', ip: '10.2.0.23', os.name: 'Windows Server 2012 R2', os.arch: 'amd64', os.version: '6.3', java.version: '1.8.0_111'
Driver info: org.openqa.selenium.chrome.ChromeDriver
Capabilities {acceptInsecureCerts: false, browserName: chrome, browserVersion: 80.0.3987.149, chrome: {chromedriverVersion: 80.0.3987.106 (f68069574609..., userDataDir: C:\Users\sumancb\AppData\Lo...}, goog:chromeOptions: {debuggerAddress: localhost:50351}, javascriptEnabled: true, networkConnectionEnabled: false, pageLoadStrategy: normal, platform: WINDOWS, platformName: WINDOWS, proxy: Proxy(), setWindowRect: true, strictFileInteractability: false, timeouts: {implicit: 0, pageLoad: 300000, script: 30000}, unhandledPromptBehavior: dismiss and notify}
Session ID: aec7f332062135b101a4bcef090c26da
	at sun.reflect.NativeConstructorAccessorImpl.newInstance0(Native Method)
	at sun.reflect.NativeConstructorAccessorImpl.newInstance(NativeConstructorAccessorImpl.java:62)
	at sun.reflect.DelegatingConstructorAccessorImpl.newInstance(DelegatingConstructorAccessorImpl.java:45)
	at java.lang.reflect.Constructor.newInstance(Constructor.java:423)
	at org.openqa.selenium.remote.http.W3CHttpResponseCodec.createException(W3CHttpResponseCodec.java:187)
	at org.openqa.selenium.remote.http.W3CHttpResponseCodec.decode(W3CHttpResponseCodec.java:122)
	at org.openqa.selenium.remote.http.W3CHttpResponseCodec.decode(W3CHttpResponseCodec.java:49)
	at org.openqa.selenium.remote.HttpCommandExecutor.execute(HttpCommandExecutor.java:158)
	at org.openqa.selenium.remote.service.DriverCommandExecutor.execute(DriverCommandExecutor.java:83)
	at org.openqa.selenium.remote.RemoteWebDriver.execute(RemoteWebDriver.java:552)
	at org.openqa.selenium.remote.RemoteWebElement.execute(RemoteWebElement.java:285)
	at org.openqa.selenium.remote.RemoteWebElement.click(RemoteWebElement.java:84)
	at sun.reflect.GeneratedMethodAccessor11.invoke(Unknown Source)
	at sun.reflect.DelegatingMethodAccessorImpl.invoke(DelegatingMethodAccessorImpl.java:43)
	at java.lang.reflect.Method.invoke(Method.java:498)
	at org.openqa.selenium.support.pagefactory.internal.LocatingElementHandler.invoke(LocatingElementHandler.java:51)
	at com.sun.proxy.$Proxy17.click(Unknown Source)
	at POM.HomePage.Menu(HomePage.java:217)
	at stepDefinitions.Home.homepage(Home.java:29)
	at ✽.Then Home Page 313979091(AllUsers.feature:7)
]]></failure>
</testcase>
<testcase classname="All Users" name="Chhatisgarh User" time="116.955633">
<system-out><![CDATA[Given Navigate to the "https://shop.unicity.com/#/home" application.........passed
Given 314573291 and 1985....................................................passed
Then Home Page 314573291....................................................passed
Then Add Products To Cart 314573291.........................................passed
Then Check Product..........................................................passed
Then Check Cart.............................................................passed
Then Check Form Fields......................................................passed
Then Payment Avenue.........................................................passed
Then Review Orders..........................................................passed
When Review Fields 314573291................................................passed
Then Shipping Information 314573291.........................................passed
Then Contact Information 314573291..........................................passed
Then Payment Information CCAvenue...........................................passed
Then CCAvenue Payment Details...............................................passed
]]></system-out>
</testcase>
<testcase classname="All Users" name="Dadar &amp; Nagar User" time="115.976507">
<system-out><![CDATA[Given Navigate to the "https://shop.unicity.com/#/home" application.........passed
Given 314304891 and PQU5RF..................................................passed
Then Home Page 314304891....................................................passed
Then Add Products To Cart 314304891.........................................passed
Then Check Product..........................................................passed
Then Check Cart.............................................................passed
Then Check Form Fields......................................................passed
Then Payment Avenue.........................................................passed
Then Review Orders..........................................................passed
When Review Fields 314304891................................................passed
Then Shipping Information 314304891.........................................passed
Then Contact Information 314304891..........................................passed
Then Payment Information CCAvenue...........................................passed
Then CCAvenue Payment Details...............................................passed
]]></system-out>
</testcase>
<testcase classname="All Users" name="Delhi User" time="116.462444">
<system-out><![CDATA[Given Navigate to the "https://shop.unicity.com/#/home" application.........passed
Given 312837491 and wGn7C9..................................................passed
Then Home Page 312837491....................................................passed
Then Add Products To Cart 312837491.........................................passed
Then Check Product..........................................................passed
Then Check Cart.............................................................passed
Then Check Form Fields......................................................passed
Then Payment Avenue.........................................................passed
Then Review Orders..........................................................passed
When Review Fields 312837491................................................passed
Then Shipping Information 312837491.........................................passed
Then Contact Information 312837491..........................................passed
Then Payment Information CCAvenue...........................................passed
Then CCAvenue Payment Details...............................................passed
]]></system-out>
</testcase>
<testcase classname="All Users" name="Goa User" time="115.253146">
<system-out><![CDATA[Given Navigate to the "https://shop.unicity.com/#/home" application.........passed
Given 310141491 and ttR8Jy..................................................passed
Then Home Page 310141491....................................................passed
Then Add Products To Cart 310141491.........................................passed
Then Check Product..........................................................passed
Then Check Cart.............................................................passed
Then Check Form Fields......................................................passed
Then Payment Avenue.........................................................passed
Then Review Orders..........................................................passed
When Review Fields 310141491................................................passed
Then Shipping Information 310141491.........................................passed
Then Contact Information 310141491..........................................passed
Then Payment Information CCAvenue...........................................passed
Then CCAvenue Payment Details...............................................passed
]]></system-out>
</testcase>
<testcase classname="All Users" name="Gujarat User" time="115.79636">
<system-out><![CDATA[Given Navigate to the "https://shop.unicity.com/#/home" application.........passed
Given 314195991 and 9vnaTy..................................................passed
Then Home Page 314195991....................................................passed
Then Add Products To Cart 314195991.........................................passed
Then Check Product..........................................................passed
Then Check Cart.............................................................passed
Then Check Form Fields......................................................passed
Then Payment Avenue.........................................................passed
Then Review Orders..........................................................passed
When Review Fields 314195991................................................passed
Then Shipping Information 314195991.........................................passed
Then Contact Information 314195991..........................................passed
Then Payment Information CCAvenue...........................................passed
Then CCAvenue Payment Details...............................................passed
]]></system-out>
</testcase>
<testcase classname="All Users" name="Haryana User" time="116.115993">
<system-out><![CDATA[Given Navigate to the "https://shop.unicity.com/#/home" application.........passed
Given 301941991 and sonu3264................................................passed
Then Home Page 301941991....................................................passed
Then Add Products To Cart 301941991.........................................passed
Then Check Product..........................................................passed
Then Check Cart.............................................................passed
Then Check Form Fields......................................................passed
Then Payment Avenue.........................................................passed
Then Review Orders..........................................................passed
When Review Fields 301941991................................................passed
Then Shipping Information 301941991.........................................passed
Then Contact Information 301941991..........................................passed
Then Payment Information CCAvenue...........................................passed
Then CCAvenue Payment Details...............................................passed
]]></system-out>
</testcase>
<testcase classname="All Users" name="Himachal Pradesh User" time="115.776972">
<system-out><![CDATA[Given Navigate to the "https://shop.unicity.com/#/home" application.........passed
Given 314573491 and 7982701596..............................................passed
Then Home Page 314573491....................................................passed
Then Add Products To Cart 314573491.........................................passed
Then Check Product..........................................................passed
Then Check Cart.............................................................passed
Then Check Form Fields......................................................passed
Then Payment Avenue.........................................................passed
Then Review Orders..........................................................passed
When Review Fields 314573491................................................passed
Then Shipping Information 314573491.........................................passed
Then Contact Information 314573491..........................................passed
Then Payment Information CCAvenue...........................................passed
Then CCAvenue Payment Details...............................................passed
]]></system-out>
</testcase>
<testcase classname="All Users" name="Jharkhand User" time="66.400837">
<failure message="org.openqa.selenium.ElementNotInteractableException: element not interactable&#10;  (Session info: chrome=80.0.3987.149)&#10;Build info: version: '3.141.59', revision: 'e82be7d358', time: '2018-11-14T08:17:03'&#10;System info: host: 'QASERVER01', ip: '10.2.0.23', os.name: 'Windows Server 2012 R2', os.arch: 'amd64', os.version: '6.3', java.version: '1.8.0_111'&#10;Driver info: org.openqa.selenium.chrome.ChromeDriver&#10;Capabilities {acceptInsecureCerts: false, browserName: chrome, browserVersion: 80.0.3987.149, chrome: {chromedriverVersion: 80.0.3987.106 (f68069574609..., userDataDir: C:\Users\sumancb\AppData\Lo...}, goog:chromeOptions: {debuggerAddress: localhost:51344}, javascriptEnabled: true, networkConnectionEnabled: false, pageLoadStrategy: normal, platform: WINDOWS, platformName: WINDOWS, proxy: Proxy(), setWindowRect: true, strictFileInteractability: false, timeouts: {implicit: 0, pageLoad: 300000, script: 30000}, unhandledPromptBehavior: dismiss and notify}&#10;Session ID: cf44d85409f21a837fc6c3d3e98d2eed&#13;&#10;&#9;at sun.reflect.NativeConstructorAccessorImpl.newInstance0(Native Method)&#13;&#10;&#9;at sun.reflect.NativeConstructorAccessorImpl.newInstance(NativeConstructorAccessorImpl.java:62)&#13;&#10;&#9;at sun.reflect.DelegatingConstructorAccessorImpl.newInstance(DelegatingConstructorAccessorImpl.java:45)&#13;&#10;&#9;at java.lang.reflect.Constructor.newInstance(Constructor.java:423)&#13;&#10;&#9;at org.openqa.selenium.remote.http.W3CHttpResponseCodec.createException(W3CHttpResponseCodec.java:187)&#13;&#10;&#9;at org.openqa.selenium.remote.http.W3CHttpResponseCodec.decode(W3CHttpResponseCodec.java:122)&#13;&#10;&#9;at org.openqa.selenium.remote.http.W3CHttpResponseCodec.decode(W3CHttpResponseCodec.java:49)&#13;&#10;&#9;at org.openqa.selenium.remote.HttpCommandExecutor.execute(HttpCommandExecutor.java:158)&#13;&#10;&#9;at org.openqa.selenium.remote.service.DriverCommandExecutor.execute(DriverCommandExecutor.java:83)&#13;&#10;&#9;at org.openqa.selenium.remote.RemoteWebDriver.execute(RemoteWebDriver.java:552)&#13;&#10;&#9;at org.openqa.selenium.remote.RemoteWebElement.execute(RemoteWebElement.java:285)&#13;&#10;&#9;at org.openqa.selenium.remote.RemoteWebElement.click(RemoteWebElement.java:84)&#13;&#10;&#9;at sun.reflect.GeneratedMethodAccessor11.invoke(Unknown Source)&#13;&#10;&#9;at sun.reflect.DelegatingMethodAccessorImpl.invoke(DelegatingMethodAccessorImpl.java:43)&#13;&#10;&#9;at java.lang.reflect.Method.invoke(Method.java:498)&#13;&#10;&#9;at org.openqa.selenium.support.pagefactory.internal.LocatingElementHandler.invoke(LocatingElementHandler.java:51)&#13;&#10;&#9;at com.sun.proxy.$Proxy17.click(Unknown Source)&#13;&#10;&#9;at POM.HomePage.Menu(HomePage.java:217)&#13;&#10;&#9;at stepDefinitions.Home.homepage(Home.java:29)&#13;&#10;&#9;at ✽.Then Home Page 309938991(AllUsers.feature:7)&#13;&#10;"><![CDATA[Given Navigate to the "https://shop.unicity.com/#/home" application.........passed
Given 309938991 and pratik143...............................................passed
Then Home Page 309938991....................................................failed
Then Add Products To Cart 309938991.........................................skipped
Then Check Product..........................................................skipped
Then Check Cart.............................................................skipped
Then Check Form Fields......................................................skipped
Then Payment Avenue.........................................................skipped
Then Review Orders..........................................................skipped
When Review Fields 309938991................................................skipped
Then Shipping Information 309938991.........................................skipped
Then Contact Information 309938991..........................................skipped
Then Payment Information CCAvenue...........................................skipped
Then CCAvenue Payment Details...............................................skipped

StackTrace:
org.openqa.selenium.ElementNotInteractableException: element not interactable
  (Session info: chrome=80.0.3987.149)
Build info: version: '3.141.59', revision: 'e82be7d358', time: '2018-11-14T08:17:03'
System info: host: 'QASERVER01', ip: '10.2.0.23', os.name: 'Windows Server 2012 R2', os.arch: 'amd64', os.version: '6.3', java.version: '1.8.0_111'
Driver info: org.openqa.selenium.chrome.ChromeDriver
Capabilities {acceptInsecureCerts: false, browserName: chrome, browserVersion: 80.0.3987.149, chrome: {chromedriverVersion: 80.0.3987.106 (f68069574609..., userDataDir: C:\Users\sumancb\AppData\Lo...}, goog:chromeOptions: {debuggerAddress: localhost:51344}, javascriptEnabled: true, networkConnectionEnabled: false, pageLoadStrategy: normal, platform: WINDOWS, platformName: WINDOWS, proxy: Proxy(), setWindowRect: true, strictFileInteractability: false, timeouts: {implicit: 0, pageLoad: 300000, script: 30000}, unhandledPromptBehavior: dismiss and notify}
Session ID: cf44d85409f21a837fc6c3d3e98d2eed
	at sun.reflect.NativeConstructorAccessorImpl.newInstance0(Native Method)
	at sun.reflect.NativeConstructorAccessorImpl.newInstance(NativeConstructorAccessorImpl.java:62)
	at sun.reflect.DelegatingConstructorAccessorImpl.newInstance(DelegatingConstructorAccessorImpl.java:45)
	at java.lang.reflect.Constructor.newInstance(Constructor.java:423)
	at org.openqa.selenium.remote.http.W3CHttpResponseCodec.createException(W3CHttpResponseCodec.java:187)
	at org.openqa.selenium.remote.http.W3CHttpResponseCodec.decode(W3CHttpResponseCodec.java:122)
	at org.openqa.selenium.remote.http.W3CHttpResponseCodec.decode(W3CHttpResponseCodec.java:49)
	at org.openqa.selenium.remote.HttpCommandExecutor.execute(HttpCommandExecutor.java:158)
	at org.openqa.selenium.remote.service.DriverCommandExecutor.execute(DriverCommandExecutor.java:83)
	at org.openqa.selenium.remote.RemoteWebDriver.execute(RemoteWebDriver.java:552)
	at org.openqa.selenium.remote.RemoteWebElement.execute(RemoteWebElement.java:285)
	at org.openqa.selenium.remote.RemoteWebElement.click(RemoteWebElement.java:84)
	at sun.reflect.GeneratedMethodAccessor11.invoke(Unknown Source)
	at sun.reflect.DelegatingMethodAccessorImpl.invoke(DelegatingMethodAccessorImpl.java:43)
	at java.lang.reflect.Method.invoke(Method.java:498)
	at org.openqa.selenium.support.pagefactory.internal.LocatingElementHandler.invoke(LocatingElementHandler.java:51)
	at com.sun.proxy.$Proxy17.click(Unknown Source)
	at POM.HomePage.Menu(HomePage.java:217)
	at stepDefinitions.Home.homepage(Home.java:29)
	at ✽.Then Home Page 309938991(AllUsers.feature:7)
]]></failure>
</testcase>
<testcase classname="All Users" name="Maharastra User" time="66.083404">
<failure message="org.openqa.selenium.ElementNotInteractableException: element not interactable&#10;  (Session info: chrome=80.0.3987.149)&#10;Build info: version: '3.141.59', revision: 'e82be7d358', time: '2018-11-14T08:17:03'&#10;System info: host: 'QASERVER01', ip: '10.2.0.23', os.name: 'Windows Server 2012 R2', os.arch: 'amd64', os.version: '6.3', java.version: '1.8.0_111'&#10;Driver info: org.openqa.selenium.chrome.ChromeDriver&#10;Capabilities {acceptInsecureCerts: false, browserName: chrome, browserVersion: 80.0.3987.149, chrome: {chromedriverVersion: 80.0.3987.106 (f68069574609..., userDataDir: C:\Users\sumancb\AppData\Lo...}, goog:chromeOptions: {debuggerAddress: localhost:51407}, javascriptEnabled: true, networkConnectionEnabled: false, pageLoadStrategy: normal, platform: WINDOWS, platformName: WINDOWS, proxy: Proxy(), setWindowRect: true, strictFileInteractability: false, timeouts: {implicit: 0, pageLoad: 300000, script: 30000}, unhandledPromptBehavior: dismiss and notify}&#10;Session ID: d907f58a6ab690d72aea4710662c0874&#13;&#10;&#9;at sun.reflect.NativeConstructorAccessorImpl.newInstance0(Native Method)&#13;&#10;&#9;at sun.reflect.NativeConstructorAccessorImpl.newInstance(NativeConstructorAccessorImpl.java:62)&#13;&#10;&#9;at sun.reflect.DelegatingConstructorAccessorImpl.newInstance(DelegatingConstructorAccessorImpl.java:45)&#13;&#10;&#9;at java.lang.reflect.Constructor.newInstance(Constructor.java:423)&#13;&#10;&#9;at org.openqa.selenium.remote.http.W3CHttpResponseCodec.createException(W3CHttpResponseCodec.java:187)&#13;&#10;&#9;at org.openqa.selenium.remote.http.W3CHttpResponseCodec.decode(W3CHttpResponseCodec.java:122)&#13;&#10;&#9;at org.openqa.selenium.remote.http.W3CHttpResponseCodec.decode(W3CHttpResponseCodec.java:49)&#13;&#10;&#9;at org.openqa.selenium.remote.HttpCommandExecutor.execute(HttpCommandExecutor.java:158)&#13;&#10;&#9;at org.openqa.selenium.remote.service.DriverCommandExecutor.execute(DriverCommandExecutor.java:83)&#13;&#10;&#9;at org.openqa.selenium.remote.RemoteWebDriver.execute(RemoteWebDriver.java:552)&#13;&#10;&#9;at org.openqa.selenium.remote.RemoteWebElement.execute(RemoteWebElement.java:285)&#13;&#10;&#9;at org.openqa.selenium.remote.RemoteWebElement.click(RemoteWebElement.java:84)&#13;&#10;&#9;at sun.reflect.GeneratedMethodAccessor11.invoke(Unknown Source)&#13;&#10;&#9;at sun.reflect.DelegatingMethodAccessorImpl.invoke(DelegatingMethodAccessorImpl.java:43)&#13;&#10;&#9;at java.lang.reflect.Method.invoke(Method.java:498)&#13;&#10;&#9;at org.openqa.selenium.support.pagefactory.internal.LocatingElementHandler.invoke(LocatingElementHandler.java:51)&#13;&#10;&#9;at com.sun.proxy.$Proxy17.click(Unknown Source)&#13;&#10;&#9;at POM.HomePage.Menu(HomePage.java:217)&#13;&#10;&#9;at stepDefinitions.Home.homepage(Home.java:29)&#13;&#10;&#9;at ✽.Then Home Page 314195391(AllUsers.feature:7)&#13;&#10;"><![CDATA[Given Navigate to the "https://shop.unicity.com/#/home" application.........passed
Given 314195391 and 37yud5..................................................passed
Then Home Page 314195391....................................................failed
Then Add Products To Cart 314195391.........................................skipped
Then Check Product..........................................................skipped
Then Check Cart.............................................................skipped
Then Check Form Fields......................................................skipped
Then Payment Avenue.........................................................skipped
Then Review Orders..........................................................skipped
When Review Fields 314195391................................................skipped
Then Shipping Information 314195391.........................................skipped
Then Contact Information 314195391..........................................skipped
Then Payment Information CCAvenue...........................................skipped
Then CCAvenue Payment Details...............................................skipped

StackTrace:
org.openqa.selenium.ElementNotInteractableException: element not interactable
  (Session info: chrome=80.0.3987.149)
Build info: version: '3.141.59', revision: 'e82be7d358', time: '2018-11-14T08:17:03'
System info: host: 'QASERVER01', ip: '10.2.0.23', os.name: 'Windows Server 2012 R2', os.arch: 'amd64', os.version: '6.3', java.version: '1.8.0_111'
Driver info: org.openqa.selenium.chrome.ChromeDriver
Capabilities {acceptInsecureCerts: false, browserName: chrome, browserVersion: 80.0.3987.149, chrome: {chromedriverVersion: 80.0.3987.106 (f68069574609..., userDataDir: C:\Users\sumancb\AppData\Lo...}, goog:chromeOptions: {debuggerAddress: localhost:51407}, javascriptEnabled: true, networkConnectionEnabled: false, pageLoadStrategy: normal, platform: WINDOWS, platformName: WINDOWS, proxy: Proxy(), setWindowRect: true, strictFileInteractability: false, timeouts: {implicit: 0, pageLoad: 300000, script: 30000}, unhandledPromptBehavior: dismiss and notify}
Session ID: d907f58a6ab690d72aea4710662c0874
	at sun.reflect.NativeConstructorAccessorImpl.newInstance0(Native Method)
	at sun.reflect.NativeConstructorAccessorImpl.newInstance(NativeConstructorAccessorImpl.java:62)
	at sun.reflect.DelegatingConstructorAccessorImpl.newInstance(DelegatingConstructorAccessorImpl.java:45)
	at java.lang.reflect.Constructor.newInstance(Constructor.java:423)
	at org.openqa.selenium.remote.http.W3CHttpResponseCodec.createException(W3CHttpResponseCodec.java:187)
	at org.openqa.selenium.remote.http.W3CHttpResponseCodec.decode(W3CHttpResponseCodec.java:122)
	at org.openqa.selenium.remote.http.W3CHttpResponseCodec.decode(W3CHttpResponseCodec.java:49)
	at org.openqa.selenium.remote.HttpCommandExecutor.execute(HttpCommandExecutor.java:158)
	at org.openqa.selenium.remote.service.DriverCommandExecutor.execute(DriverCommandExecutor.java:83)
	at org.openqa.selenium.remote.RemoteWebDriver.execute(RemoteWebDriver.java:552)
	at org.openqa.selenium.remote.RemoteWebElement.execute(RemoteWebElement.java:285)
	at org.openqa.selenium.remote.RemoteWebElement.click(RemoteWebElement.java:84)
	at sun.reflect.GeneratedMethodAccessor11.invoke(Unknown Source)
	at sun.reflect.DelegatingMethodAccessorImpl.invoke(DelegatingMethodAccessorImpl.java:43)
	at java.lang.reflect.Method.invoke(Method.java:498)
	at org.openqa.selenium.support.pagefactory.internal.LocatingElementHandler.invoke(LocatingElementHandler.java:51)
	at com.sun.proxy.$Proxy17.click(Unknown Source)
	at POM.HomePage.Menu(HomePage.java:217)
	at stepDefinitions.Home.homepage(Home.java:29)
	at ✽.Then Home Page 314195391(AllUsers.feature:7)
]]></failure>
</testcase>
<testcase classname="All Users" name="Manipur User" time="115.625549">
<system-out><![CDATA[Given Navigate to the "https://shop.unicity.com/#/home" application.........passed
Given 313691891 and 44f85294480c............................................passed
Then Home Page 313691891....................................................passed
Then Add Products To Cart 313691891.........................................passed
Then Check Product..........................................................passed
Then Check Cart.............................................................passed
Then Check Form Fields......................................................passed
Then Payment Avenue.........................................................passed
Then Review Orders..........................................................passed
When Review Fields 313691891................................................passed
Then Shipping Information 313691891.........................................passed
Then Contact Information 313691891..........................................passed
Then Payment Information CCAvenue...........................................passed
Then CCAvenue Payment Details...............................................passed
]]></system-out>
</testcase>
<testcase classname="All Users" name="Meghalaya User" time="117.052403">
<system-out><![CDATA[Given Navigate to the "https://shop.unicity.com/#/home" application.........passed
Given 313307391 and VuNqZj..................................................passed
Then Home Page 313307391....................................................passed
Then Add Products To Cart 313307391.........................................passed
Then Check Product..........................................................passed
Then Check Cart.............................................................passed
Then Check Form Fields......................................................passed
Then Payment Avenue.........................................................passed
Then Review Orders..........................................................passed
When Review Fields 313307391................................................passed
Then Shipping Information 313307391.........................................passed
Then Contact Information 313307391..........................................passed
Then Payment Information CCAvenue...........................................passed
Then CCAvenue Payment Details...............................................passed
]]></system-out>
</testcase>
<testcase classname="All Users" name="Nagaland User" time="116.125906">
<system-out><![CDATA[Given Navigate to the "https://shop.unicity.com/#/home" application.........passed
Given 305652791 and mTVWRq..................................................passed
Then Home Page 305652791....................................................passed
Then Add Products To Cart 305652791.........................................passed
Then Check Product..........................................................passed
Then Check Cart.............................................................passed
Then Check Form Fields......................................................passed
Then Payment Avenue.........................................................passed
Then Review Orders..........................................................passed
When Review Fields 305652791................................................passed
Then Shipping Information 305652791.........................................passed
Then Contact Information 305652791..........................................passed
Then Payment Information CCAvenue...........................................passed
Then CCAvenue Payment Details...............................................passed
]]></system-out>
</testcase>
<testcase classname="All Users" name="Orrisa User" time="116.183853">
<system-out><![CDATA[Given Navigate to the "https://shop.unicity.com/#/home" application.........passed
Given 314893991 and W67UN9..................................................passed
Then Home Page 314893991....................................................passed
Then Add Products To Cart 314893991.........................................passed
Then Check Product..........................................................passed
Then Check Cart.............................................................passed
Then Check Form Fields......................................................passed
Then Payment Avenue.........................................................passed
Then Review Orders..........................................................passed
When Review Fields 314893991................................................passed
Then Shipping Information 314893991.........................................passed
Then Contact Information 314893991..........................................passed
Then Payment Information CCAvenue...........................................passed
Then CCAvenue Payment Details...............................................passed
]]></system-out>
</testcase>
<testcase classname="All Users" name="Ponducherry User" time="117.254592">
<system-out><![CDATA[Given Navigate to the "https://shop.unicity.com/#/home" application.........passed
Given 314224491 and UXtRBx..................................................passed
Then Home Page 314224491....................................................passed
Then Add Products To Cart 314224491.........................................passed
Then Check Product..........................................................passed
Then Check Cart.............................................................passed
Then Check Form Fields......................................................passed
Then Payment Avenue.........................................................passed
Then Review Orders..........................................................passed
When Review Fields 314224491................................................passed
Then Shipping Information 314224491.........................................passed
Then Contact Information 314224491..........................................passed
Then Payment Information CCAvenue...........................................passed
Then CCAvenue Payment Details...............................................passed
]]></system-out>
</testcase>
<testcase classname="All Users" name="Punjab User" time="115.410071">
<system-out><![CDATA[Given Navigate to the "https://shop.unicity.com/#/home" application.........passed
Given 310586191 and v3BRT5..................................................passed
Then Home Page 310586191....................................................passed
Then Add Products To Cart 310586191.........................................passed
Then Check Product..........................................................passed
Then Check Cart.............................................................passed
Then Check Form Fields......................................................passed
Then Payment Avenue.........................................................passed
Then Review Orders..........................................................passed
When Review Fields 310586191................................................passed
Then Shipping Information 310586191.........................................passed
Then Contact Information 310586191..........................................passed
Then Payment Information CCAvenue...........................................passed
Then CCAvenue Payment Details...............................................passed
]]></system-out>
</testcase>
<testcase classname="All Users" name="Rajasthan User" time="117.805834">
<system-out><![CDATA[Given Navigate to the "https://shop.unicity.com/#/home" application.........passed
Given 304000191 and 7YbrPa..................................................passed
Then Home Page 304000191....................................................passed
Then Add Products To Cart 304000191.........................................passed
Then Check Product..........................................................passed
Then Check Cart.............................................................passed
Then Check Form Fields......................................................passed
Then Payment Avenue.........................................................passed
Then Review Orders..........................................................passed
When Review Fields 304000191................................................passed
Then Shipping Information 304000191.........................................passed
Then Contact Information 304000191..........................................passed
Then Payment Information CCAvenue...........................................passed
Then CCAvenue Payment Details...............................................passed
]]></system-out>
</testcase>
<testcase classname="All Users" name="Sikkim User" time="115.744217">
<system-out><![CDATA[Given Navigate to the "https://shop.unicity.com/#/home" application.........passed
Given 200357401 and unicity1234.............................................passed
Then Home Page 200357401....................................................passed
Then Add Products To Cart 200357401.........................................passed
Then Check Product..........................................................passed
Then Check Cart.............................................................passed
Then Check Form Fields......................................................passed
Then Payment Avenue.........................................................passed
Then Review Orders..........................................................passed
When Review Fields 200357401................................................passed
Then Shipping Information 200357401.........................................passed
Then Contact Information 200357401..........................................passed
Then Payment Information CCAvenue...........................................passed
Then CCAvenue Payment Details...............................................passed
]]></system-out>
</testcase>
<testcase classname="All Users" name="Tamil Nadu User" time="116.162497">
<system-out><![CDATA[Given Navigate to the "https://shop.unicity.com/#/home" application.........passed
Given 311846191 and 7666....................................................passed
Then Home Page 311846191....................................................passed
Then Add Products To Cart 311846191.........................................passed
Then Check Product..........................................................passed
Then Check Cart.............................................................passed
Then Check Form Fields......................................................passed
Then Payment Avenue.........................................................passed
Then Review Orders..........................................................passed
When Review Fields 311846191................................................passed
Then Shipping Information 311846191.........................................passed
Then Contact Information 311846191..........................................passed
Then Payment Information CCAvenue...........................................passed
Then CCAvenue Payment Details...............................................passed
]]></system-out>
</testcase>
<testcase classname="All Users" name="Telangana User" time="65.570208">
<failure message="org.openqa.selenium.ElementNotInteractableException: element not interactable&#10;  (Session info: chrome=80.0.3987.149)&#10;Build info: version: '3.141.59', revision: 'e82be7d358', time: '2018-11-14T08:17:03'&#10;System info: host: 'QASERVER01', ip: '10.2.0.23', os.name: 'Windows Server 2012 R2', os.arch: 'amd64', os.version: '6.3', java.version: '1.8.0_111'&#10;Driver info: org.openqa.selenium.chrome.ChromeDriver&#10;Capabilities {acceptInsecureCerts: false, browserName: chrome, browserVersion: 80.0.3987.149, chrome: {chromedriverVersion: 80.0.3987.106 (f68069574609..., userDataDir: C:\Users\sumancb\AppData\Lo...}, goog:chromeOptions: {debuggerAddress: localhost:52242}, javascriptEnabled: true, networkConnectionEnabled: false, pageLoadStrategy: normal, platform: WINDOWS, platformName: WINDOWS, proxy: Proxy(), setWindowRect: true, strictFileInteractability: false, timeouts: {implicit: 0, pageLoad: 300000, script: 30000}, unhandledPromptBehavior: dismiss and notify}&#10;Session ID: 8523b3ef41e4f75378b5fe46e986a03b&#13;&#10;&#9;at sun.reflect.NativeConstructorAccessorImpl.newInstance0(Native Method)&#13;&#10;&#9;at sun.reflect.NativeConstructorAccessorImpl.newInstance(NativeConstructorAccessorImpl.java:62)&#13;&#10;&#9;at sun.reflect.DelegatingConstructorAccessorImpl.newInstance(DelegatingConstructorAccessorImpl.java:45)&#13;&#10;&#9;at java.lang.reflect.Constructor.newInstance(Constructor.java:423)&#13;&#10;&#9;at org.openqa.selenium.remote.http.W3CHttpResponseCodec.createException(W3CHttpResponseCodec.java:187)&#13;&#10;&#9;at org.openqa.selenium.remote.http.W3CHttpResponseCodec.decode(W3CHttpResponseCodec.java:122)&#13;&#10;&#9;at org.openqa.selenium.remote.http.W3CHttpResponseCodec.decode(W3CHttpResponseCodec.java:49)&#13;&#10;&#9;at org.openqa.selenium.remote.HttpCommandExecutor.execute(HttpCommandExecutor.java:158)&#13;&#10;&#9;at org.openqa.selenium.remote.service.DriverCommandExecutor.execute(DriverCommandExecutor.java:83)&#13;&#10;&#9;at org.openqa.selenium.remote.RemoteWebDriver.execute(RemoteWebDriver.java:552)&#13;&#10;&#9;at org.openqa.selenium.remote.RemoteWebElement.execute(RemoteWebElement.java:285)&#13;&#10;&#9;at org.openqa.selenium.remote.RemoteWebElement.click(RemoteWebElement.java:84)&#13;&#10;&#9;at sun.reflect.GeneratedMethodAccessor11.invoke(Unknown Source)&#13;&#10;&#9;at sun.reflect.DelegatingMethodAccessorImpl.invoke(DelegatingMethodAccessorImpl.java:43)&#13;&#10;&#9;at java.lang.reflect.Method.invoke(Method.java:498)&#13;&#10;&#9;at org.openqa.selenium.support.pagefactory.internal.LocatingElementHandler.invoke(LocatingElementHandler.java:51)&#13;&#10;&#9;at com.sun.proxy.$Proxy17.click(Unknown Source)&#13;&#10;&#9;at POM.HomePage.Menu(HomePage.java:217)&#13;&#10;&#9;at stepDefinitions.Home.homepage(Home.java:29)&#13;&#10;&#9;at ✽.Then Home Page 314504491(AllUsers.feature:7)&#13;&#10;"><![CDATA[Given Navigate to the "https://shop.unicity.com/#/home" application.........passed
Given 314504491 and xHAQQY..................................................passed
Then Home Page 314504491....................................................failed
Then Add Products To Cart 314504491.........................................skipped
Then Check Product..........................................................skipped
Then Check Cart.............................................................skipped
Then Check Form Fields......................................................skipped
Then Payment Avenue.........................................................skipped
Then Review Orders..........................................................skipped
When Review Fields 314504491................................................skipped
Then Shipping Information 314504491.........................................skipped
Then Contact Information 314504491..........................................skipped
Then Payment Information CCAvenue...........................................skipped
Then CCAvenue Payment Details...............................................skipped

StackTrace:
org.openqa.selenium.ElementNotInteractableException: element not interactable
  (Session info: chrome=80.0.3987.149)
Build info: version: '3.141.59', revision: 'e82be7d358', time: '2018-11-14T08:17:03'
System info: host: 'QASERVER01', ip: '10.2.0.23', os.name: 'Windows Server 2012 R2', os.arch: 'amd64', os.version: '6.3', java.version: '1.8.0_111'
Driver info: org.openqa.selenium.chrome.ChromeDriver
Capabilities {acceptInsecureCerts: false, browserName: chrome, browserVersion: 80.0.3987.149, chrome: {chromedriverVersion: 80.0.3987.106 (f68069574609..., userDataDir: C:\Users\sumancb\AppData\Lo...}, goog:chromeOptions: {debuggerAddress: localhost:52242}, javascriptEnabled: true, networkConnectionEnabled: false, pageLoadStrategy: normal, platform: WINDOWS, platformName: WINDOWS, proxy: Proxy(), setWindowRect: true, strictFileInteractability: false, timeouts: {implicit: 0, pageLoad: 300000, script: 30000}, unhandledPromptBehavior: dismiss and notify}
Session ID: 8523b3ef41e4f75378b5fe46e986a03b
	at sun.reflect.NativeConstructorAccessorImpl.newInstance0(Native Method)
	at sun.reflect.NativeConstructorAccessorImpl.newInstance(NativeConstructorAccessorImpl.java:62)
	at sun.reflect.DelegatingConstructorAccessorImpl.newInstance(DelegatingConstructorAccessorImpl.java:45)
	at java.lang.reflect.Constructor.newInstance(Constructor.java:423)
	at org.openqa.selenium.remote.http.W3CHttpResponseCodec.createException(W3CHttpResponseCodec.java:187)
	at org.openqa.selenium.remote.http.W3CHttpResponseCodec.decode(W3CHttpResponseCodec.java:122)
	at org.openqa.selenium.remote.http.W3CHttpResponseCodec.decode(W3CHttpResponseCodec.java:49)
	at org.openqa.selenium.remote.HttpCommandExecutor.execute(HttpCommandExecutor.java:158)
	at org.openqa.selenium.remote.service.DriverCommandExecutor.execute(DriverCommandExecutor.java:83)
	at org.openqa.selenium.remote.RemoteWebDriver.execute(RemoteWebDriver.java:552)
	at org.openqa.selenium.remote.RemoteWebElement.execute(RemoteWebElement.java:285)
	at org.openqa.selenium.remote.RemoteWebElement.click(RemoteWebElement.java:84)
	at sun.reflect.GeneratedMethodAccessor11.invoke(Unknown Source)
	at sun.reflect.DelegatingMethodAccessorImpl.invoke(DelegatingMethodAccessorImpl.java:43)
	at java.lang.reflect.Method.invoke(Method.java:498)
	at org.openqa.selenium.support.pagefactory.internal.LocatingElementHandler.invoke(LocatingElementHandler.java:51)
	at com.sun.proxy.$Proxy17.click(Unknown Source)
	at POM.HomePage.Menu(HomePage.java:217)
	at stepDefinitions.Home.homepage(Home.java:29)
	at ✽.Then Home Page 314504491(AllUsers.feature:7)
]]></failure>
</testcase>
<testcase classname="All Users" name="Tripura User" time="118.256196">
<system-out><![CDATA[Given Navigate to the "https://shop.unicity.com/#/home" application.........passed
Given 313909791 and Qn8KyY..................................................passed
Then Home Page 313909791....................................................passed
Then Add Products To Cart 313909791.........................................passed
Then Check Product..........................................................passed
Then Check Cart.............................................................passed
Then Check Form Fields......................................................passed
Then Payment Avenue.........................................................passed
Then Review Orders..........................................................passed
When Review Fields 313909791................................................passed
Then Shipping Information 313909791.........................................passed
Then Contact Information 313909791..........................................passed
Then Payment Information CCAvenue...........................................passed
Then CCAvenue Payment Details...............................................passed
]]></system-out>
</testcase>
<testcase classname="All Users" name="Uttar Pradesh User" time="65.87935">
<failure message="org.openqa.selenium.ElementNotInteractableException: element not interactable&#10;  (Session info: chrome=80.0.3987.149)&#10;Build info: version: '3.141.59', revision: 'e82be7d358', time: '2018-11-14T08:17:03'&#10;System info: host: 'QASERVER01', ip: '10.2.0.23', os.name: 'Windows Server 2012 R2', os.arch: 'amd64', os.version: '6.3', java.version: '1.8.0_111'&#10;Driver info: org.openqa.selenium.chrome.ChromeDriver&#10;Capabilities {acceptInsecureCerts: false, browserName: chrome, browserVersion: 80.0.3987.149, chrome: {chromedriverVersion: 80.0.3987.106 (f68069574609..., userDataDir: C:\Users\sumancb\AppData\Lo...}, goog:chromeOptions: {debuggerAddress: localhost:52388}, javascriptEnabled: true, networkConnectionEnabled: false, pageLoadStrategy: normal, platform: WINDOWS, platformName: WINDOWS, proxy: Proxy(), setWindowRect: true, strictFileInteractability: false, timeouts: {implicit: 0, pageLoad: 300000, script: 30000}, unhandledPromptBehavior: dismiss and notify}&#10;Session ID: d74312268b8c5befc8ab40629e953116&#13;&#10;&#9;at sun.reflect.NativeConstructorAccessorImpl.newInstance0(Native Method)&#13;&#10;&#9;at sun.reflect.NativeConstructorAccessorImpl.newInstance(NativeConstructorAccessorImpl.java:62)&#13;&#10;&#9;at sun.reflect.DelegatingConstructorAccessorImpl.newInstance(DelegatingConstructorAccessorImpl.java:45)&#13;&#10;&#9;at java.lang.reflect.Constructor.newInstance(Constructor.java:423)&#13;&#10;&#9;at org.openqa.selenium.remote.http.W3CHttpResponseCodec.createException(W3CHttpResponseCodec.java:187)&#13;&#10;&#9;at org.openqa.selenium.remote.http.W3CHttpResponseCodec.decode(W3CHttpResponseCodec.java:122)&#13;&#10;&#9;at org.openqa.selenium.remote.http.W3CHttpResponseCodec.decode(W3CHttpResponseCodec.java:49)&#13;&#10;&#9;at org.openqa.selenium.remote.HttpCommandExecutor.execute(HttpCommandExecutor.java:158)&#13;&#10;&#9;at org.openqa.selenium.remote.service.DriverCommandExecutor.execute(DriverCommandExecutor.java:83)&#13;&#10;&#9;at org.openqa.selenium.remote.RemoteWebDriver.execute(RemoteWebDriver.java:552)&#13;&#10;&#9;at org.openqa.selenium.remote.RemoteWebElement.execute(RemoteWebElement.java:285)&#13;&#10;&#9;at org.openqa.selenium.remote.RemoteWebElement.click(RemoteWebElement.java:84)&#13;&#10;&#9;at sun.reflect.GeneratedMethodAccessor11.invoke(Unknown Source)&#13;&#10;&#9;at sun.reflect.DelegatingMethodAccessorImpl.invoke(DelegatingMethodAccessorImpl.java:43)&#13;&#10;&#9;at java.lang.reflect.Method.invoke(Method.java:498)&#13;&#10;&#9;at org.openqa.selenium.support.pagefactory.internal.LocatingElementHandler.invoke(LocatingElementHandler.java:51)&#13;&#10;&#9;at com.sun.proxy.$Proxy17.click(Unknown Source)&#13;&#10;&#9;at POM.HomePage.Menu(HomePage.java:217)&#13;&#10;&#9;at stepDefinitions.Home.homepage(Home.java:29)&#13;&#10;&#9;at ✽.Then Home Page 314573191(AllUsers.feature:7)&#13;&#10;"><![CDATA[Given Navigate to the "https://shop.unicity.com/#/home" application.........passed
Given 314573191 and UrT8nK..................................................passed
Then Home Page 314573191....................................................failed
Then Add Products To Cart 314573191.........................................skipped
Then Check Product..........................................................skipped
Then Check Cart.............................................................skipped
Then Check Form Fields......................................................skipped
Then Payment Avenue.........................................................skipped
Then Review Orders..........................................................skipped
When Review Fields 314573191................................................skipped
Then Shipping Information 314573191.........................................skipped
Then Contact Information 314573191..........................................skipped
Then Payment Information CCAvenue...........................................skipped
Then CCAvenue Payment Details...............................................skipped

StackTrace:
org.openqa.selenium.ElementNotInteractableException: element not interactable
  (Session info: chrome=80.0.3987.149)
Build info: version: '3.141.59', revision: 'e82be7d358', time: '2018-11-14T08:17:03'
System info: host: 'QASERVER01', ip: '10.2.0.23', os.name: 'Windows Server 2012 R2', os.arch: 'amd64', os.version: '6.3', java.version: '1.8.0_111'
Driver info: org.openqa.selenium.chrome.ChromeDriver
Capabilities {acceptInsecureCerts: false, browserName: chrome, browserVersion: 80.0.3987.149, chrome: {chromedriverVersion: 80.0.3987.106 (f68069574609..., userDataDir: C:\Users\sumancb\AppData\Lo...}, goog:chromeOptions: {debuggerAddress: localhost:52388}, javascriptEnabled: true, networkConnectionEnabled: false, pageLoadStrategy: normal, platform: WINDOWS, platformName: WINDOWS, proxy: Proxy(), setWindowRect: true, strictFileInteractability: false, timeouts: {implicit: 0, pageLoad: 300000, script: 30000}, unhandledPromptBehavior: dismiss and notify}
Session ID: d74312268b8c5befc8ab40629e953116
	at sun.reflect.NativeConstructorAccessorImpl.newInstance0(Native Method)
	at sun.reflect.NativeConstructorAccessorImpl.newInstance(NativeConstructorAccessorImpl.java:62)
	at sun.reflect.DelegatingConstructorAccessorImpl.newInstance(DelegatingConstructorAccessorImpl.java:45)
	at java.lang.reflect.Constructor.newInstance(Constructor.java:423)
	at org.openqa.selenium.remote.http.W3CHttpResponseCodec.createException(W3CHttpResponseCodec.java:187)
	at org.openqa.selenium.remote.http.W3CHttpResponseCodec.decode(W3CHttpResponseCodec.java:122)
	at org.openqa.selenium.remote.http.W3CHttpResponseCodec.decode(W3CHttpResponseCodec.java:49)
	at org.openqa.selenium.remote.HttpCommandExecutor.execute(HttpCommandExecutor.java:158)
	at org.openqa.selenium.remote.service.DriverCommandExecutor.execute(DriverCommandExecutor.java:83)
	at org.openqa.selenium.remote.RemoteWebDriver.execute(RemoteWebDriver.java:552)
	at org.openqa.selenium.remote.RemoteWebElement.execute(RemoteWebElement.java:285)
	at org.openqa.selenium.remote.RemoteWebElement.click(RemoteWebElement.java:84)
	at sun.reflect.GeneratedMethodAccessor11.invoke(Unknown Source)
	at sun.reflect.DelegatingMethodAccessorImpl.invoke(DelegatingMethodAccessorImpl.java:43)
	at java.lang.reflect.Method.invoke(Method.java:498)
	at org.openqa.selenium.support.pagefactory.internal.LocatingElementHandler.invoke(LocatingElementHandler.java:51)
	at com.sun.proxy.$Proxy17.click(Unknown Source)
	at POM.HomePage.Menu(HomePage.java:217)
	at stepDefinitions.Home.homepage(Home.java:29)
	at ✽.Then Home Page 314573191(AllUsers.feature:7)
]]></failure>
</testcase>
<testcase classname="All Users" name="West Bengal User" time="116.442909">
<system-out><![CDATA[Given Navigate to the "https://shop.unicity.com/#/home" application.........passed
Given 312289691 and GC7Jcy..................................................passed
Then Home Page 312289691....................................................passed
Then Add Products To Cart 312289691.........................................passed
Then Check Product..........................................................passed
Then Check Cart.............................................................passed
Then Check Form Fields......................................................passed
Then Payment Avenue.........................................................passed
Then Review Orders..........................................................passed
When Review Fields 312289691................................................passed
Then Shipping Information 312289691.........................................passed
Then Contact Information 312289691..........................................passed
Then Payment Information CCAvenue...........................................passed
Then CCAvenue Payment Details...............................................passed
]]></system-out>
</testcase>
<testcase classname="All Users" name="Lakshadweep User" time="65.421148">
<failure message="org.openqa.selenium.ElementNotInteractableException: element not interactable&#10;  (Session info: chrome=80.0.3987.149)&#10;Build info: version: '3.141.59', revision: 'e82be7d358', time: '2018-11-14T08:17:03'&#10;System info: host: 'QASERVER01', ip: '10.2.0.23', os.name: 'Windows Server 2012 R2', os.arch: 'amd64', os.version: '6.3', java.version: '1.8.0_111'&#10;Driver info: org.openqa.selenium.chrome.ChromeDriver&#10;Capabilities {acceptInsecureCerts: false, browserName: chrome, browserVersion: 80.0.3987.149, chrome: {chromedriverVersion: 80.0.3987.106 (f68069574609..., userDataDir: C:\Users\sumancb\AppData\Lo...}, goog:chromeOptions: {debuggerAddress: localhost:52525}, javascriptEnabled: true, networkConnectionEnabled: false, pageLoadStrategy: normal, platform: WINDOWS, platformName: WINDOWS, proxy: Proxy(), setWindowRect: true, strictFileInteractability: false, timeouts: {implicit: 0, pageLoad: 300000, script: 30000}, unhandledPromptBehavior: dismiss and notify}&#10;Session ID: 04921d60d495874d852cb973b365004a&#13;&#10;&#9;at sun.reflect.NativeConstructorAccessorImpl.newInstance0(Native Method)&#13;&#10;&#9;at sun.reflect.NativeConstructorAccessorImpl.newInstance(NativeConstructorAccessorImpl.java:62)&#13;&#10;&#9;at sun.reflect.DelegatingConstructorAccessorImpl.newInstance(DelegatingConstructorAccessorImpl.java:45)&#13;&#10;&#9;at java.lang.reflect.Constructor.newInstance(Constructor.java:423)&#13;&#10;&#9;at org.openqa.selenium.remote.http.W3CHttpResponseCodec.createException(W3CHttpResponseCodec.java:187)&#13;&#10;&#9;at org.openqa.selenium.remote.http.W3CHttpResponseCodec.decode(W3CHttpResponseCodec.java:122)&#13;&#10;&#9;at org.openqa.selenium.remote.http.W3CHttpResponseCodec.decode(W3CHttpResponseCodec.java:49)&#13;&#10;&#9;at org.openqa.selenium.remote.HttpCommandExecutor.execute(HttpCommandExecutor.java:158)&#13;&#10;&#9;at org.openqa.selenium.remote.service.DriverCommandExecutor.execute(DriverCommandExecutor.java:83)&#13;&#10;&#9;at org.openqa.selenium.remote.RemoteWebDriver.execute(RemoteWebDriver.java:552)&#13;&#10;&#9;at org.openqa.selenium.remote.RemoteWebElement.execute(RemoteWebElement.java:285)&#13;&#10;&#9;at org.openqa.selenium.remote.RemoteWebElement.click(RemoteWebElement.java:84)&#13;&#10;&#9;at sun.reflect.GeneratedMethodAccessor11.invoke(Unknown Source)&#13;&#10;&#9;at sun.reflect.DelegatingMethodAccessorImpl.invoke(DelegatingMethodAccessorImpl.java:43)&#13;&#10;&#9;at java.lang.reflect.Method.invoke(Method.java:498)&#13;&#10;&#9;at org.openqa.selenium.support.pagefactory.internal.LocatingElementHandler.invoke(LocatingElementHandler.java:51)&#13;&#10;&#9;at com.sun.proxy.$Proxy17.click(Unknown Source)&#13;&#10;&#9;at POM.HomePage.Menu(HomePage.java:217)&#13;&#10;&#9;at stepDefinitions.Home.homepage(Home.java:29)&#13;&#10;&#9;at ✽.Then Home Page 312930091(AllUsers.feature:7)&#13;&#10;"><![CDATA[Given Navigate to the "https://shop.unicity.com/#/home" application.........passed
Given 312930091 and C7P59f..................................................passed
Then Home Page 312930091....................................................failed
Then Add Products To Cart 312930091.........................................skipped
Then Check Product..........................................................skipped
Then Check Cart.............................................................skipped
Then Check Form Fields......................................................skipped
Then Payment Avenue.........................................................skipped
Then Review Orders..........................................................skipped
When Review Fields 312930091................................................skipped
Then Shipping Information 312930091.........................................skipped
Then Contact Information 312930091..........................................skipped
Then Payment Information CCAvenue...........................................skipped
Then CCAvenue Payment Details...............................................skipped

StackTrace:
org.openqa.selenium.ElementNotInteractableException: element not interactable
  (Session info: chrome=80.0.3987.149)
Build info: version: '3.141.59', revision: 'e82be7d358', time: '2018-11-14T08:17:03'
System info: host: 'QASERVER01', ip: '10.2.0.23', os.name: 'Windows Server 2012 R2', os.arch: 'amd64', os.version: '6.3', java.version: '1.8.0_111'
Driver info: org.openqa.selenium.chrome.ChromeDriver
Capabilities {acceptInsecureCerts: false, browserName: chrome, browserVersion: 80.0.3987.149, chrome: {chromedriverVersion: 80.0.3987.106 (f68069574609..., userDataDir: C:\Users\sumancb\AppData\Lo...}, goog:chromeOptions: {debuggerAddress: localhost:52525}, javascriptEnabled: true, networkConnectionEnabled: false, pageLoadStrategy: normal, platform: WINDOWS, platformName: WINDOWS, proxy: Proxy(), setWindowRect: true, strictFileInteractability: false, timeouts: {implicit: 0, pageLoad: 300000, script: 30000}, unhandledPromptBehavior: dismiss and notify}
Session ID: 04921d60d495874d852cb973b365004a
	at sun.reflect.NativeConstructorAccessorImpl.newInstance0(Native Method)
	at sun.reflect.NativeConstructorAccessorImpl.newInstance(NativeConstructorAccessorImpl.java:62)
	at sun.reflect.DelegatingConstructorAccessorImpl.newInstance(DelegatingConstructorAccessorImpl.java:45)
	at java.lang.reflect.Constructor.newInstance(Constructor.java:423)
	at org.openqa.selenium.remote.http.W3CHttpResponseCodec.createException(W3CHttpResponseCodec.java:187)
	at org.openqa.selenium.remote.http.W3CHttpResponseCodec.decode(W3CHttpResponseCodec.java:122)
	at org.openqa.selenium.remote.http.W3CHttpResponseCodec.decode(W3CHttpResponseCodec.java:49)
	at org.openqa.selenium.remote.HttpCommandExecutor.execute(HttpCommandExecutor.java:158)
	at org.openqa.selenium.remote.service.DriverCommandExecutor.execute(DriverCommandExecutor.java:83)
	at org.openqa.selenium.remote.RemoteWebDriver.execute(RemoteWebDriver.java:552)
	at org.openqa.selenium.remote.RemoteWebElement.execute(RemoteWebElement.java:285)
	at org.openqa.selenium.remote.RemoteWebElement.click(RemoteWebElement.java:84)
	at sun.reflect.GeneratedMethodAccessor11.invoke(Unknown Source)
	at sun.reflect.DelegatingMethodAccessorImpl.invoke(DelegatingMethodAccessorImpl.java:43)
	at java.lang.reflect.Method.invoke(Method.java:498)
	at org.openqa.selenium.support.pagefactory.internal.LocatingElementHandler.invoke(LocatingElementHandler.java:51)
	at com.sun.proxy.$Proxy17.click(Unknown Source)
	at POM.HomePage.Menu(HomePage.java:217)
	at stepDefinitions.Home.homepage(Home.java:29)
	at ✽.Then Home Page 312930091(AllUsers.feature:7)
]]></failure>
</testcase>
<testcase classname="BankWire" name="BankWire" time="229.316723">
<failure message="org.junit.ComparisonFailure: expected:&lt;UNICITY [OPPORTUNITY DECK] IN&gt; but was:&lt;UNICITY [MASK 10] IN&gt;&#13;&#10;&#9;at org.junit.Assert.assertEquals(Assert.java:115)&#13;&#10;&#9;at org.junit.Assert.assertEquals(Assert.java:144)&#13;&#10;&#9;at POM.HomePage.AllProducts(HomePage.java:289)&#13;&#10;&#9;at stepDefinitions.Home.all_producst(Home.java:34)&#13;&#10;&#9;at ✽.Then All Products(BankWire.feature:9)&#13;&#10;"><![CDATA[Given Navigate to the "https://shop.unicity.com/#/home" application.........passed
Given 108639101 and 1234....................................................passed
Then Home Page 108639101....................................................passed
Then All Products...........................................................failed
And Products................................................................skipped
And Accessories.............................................................skipped
When Search Product.........................................................skipped
Then All Products in List View..............................................skipped
And Products in List View...................................................skipped
And Accessories in List View................................................skipped
When Product Added to Cart 108639101........................................skipped
Then Check the Cart Details.................................................skipped
When Remove Products from Cart..............................................skipped
Then Add Products To Cart 108639101.........................................skipped
Then Check Product..........................................................skipped
Then Check Cart.............................................................skipped
When Cart Go Back...........................................................skipped
When Check Out 108639101....................................................skipped
Then Check Form Fields......................................................skipped
When Payment Go Back........................................................skipped
When Payment Fields 108639101...............................................skipped
Then Banks Names............................................................skipped
Then Order Summary..........................................................skipped
When Review Fields 108639101................................................skipped
Then Shipping Information 108639101.........................................skipped
Then Contact Information 108639101..........................................skipped
Then Payment Information....................................................skipped
When Update Shipping........................................................skipped
When Update Contact.........................................................skipped
When Update Payment.........................................................skipped
When Go Back................................................................skipped
Then Review Orders..........................................................skipped
When Placed Order Fields 108639101..........................................skipped
Then Placed Shipping Information............................................skipped
Then Placed Contact Information.............................................skipped
Then Placed Payment Information.............................................skipped
Then Placed Orders..........................................................skipped
When Return Home 108639101..................................................skipped
When Logout.................................................................skipped

StackTrace:
org.junit.ComparisonFailure: expected:<UNICITY [OPPORTUNITY DECK] IN> but was:<UNICITY [MASK 10] IN>
	at org.junit.Assert.assertEquals(Assert.java:115)
	at org.junit.Assert.assertEquals(Assert.java:144)
	at POM.HomePage.AllProducts(HomePage.java:289)
	at stepDefinitions.Home.all_producst(Home.java:34)
	at ✽.Then All Products(BankWire.feature:9)
]]></failure>
</testcase>
<testcase classname="CCAvenue" name="CCAvenue Payment" time="110.745696">
<system-out><![CDATA[Given Navigate to the "https://shop.unicity.com/#/home" application.........passed
Given 108639101 and 1234....................................................passed
Then Home Page 108639101....................................................passed
Then Add Products To Cart 108639101.........................................passed
Then Check Product..........................................................passed
Then Check Cart.............................................................passed
Then Check Form Fields......................................................passed
Then Payment Avenue.........................................................passed
Then Order Summary..........................................................passed
Then CCAvenue Payment Details...............................................passed
]]></system-out>
</testcase>
<testcase classname="Essecom" name="Essecom Payment" time="121.653186">
<system-out><![CDATA[Given Navigate to the "https://shop.unicity.com/#/home" application.........passed
Given 108639101 and 1234....................................................passed
Then Home Page 108639101....................................................passed
Then Add Products To Cart 108639101.........................................passed
Then Check Product..........................................................passed
Then Check Cart.............................................................passed
Then Check Form Fields......................................................passed
Then Payment Essecom........................................................passed
Then Review Orders..........................................................passed
Then Essecom Payment Details................................................passed
]]></system-out>
</testcase>
<testcase classname="Retail" name="Retail With Order" time="142.382417">
<failure message="org.junit.ComparisonFailure: expected:&lt;UNICITY [PREMIUM MATCHA] IN&gt; but was:&lt;UNICITY [MASK 10] IN&gt;&#13;&#10;&#9;at org.junit.Assert.assertEquals(Assert.java:115)&#13;&#10;&#9;at org.junit.Assert.assertEquals(Assert.java:144)&#13;&#10;&#9;at POM.HomePage.RetailAllProducts(HomePage.java:580)&#13;&#10;&#9;at stepDefinitions.Home.retail_all_producst(Home.java:49)&#13;&#10;&#9;at ✽.Then Retail All Products(Retail.feature:10)&#13;&#10;"><![CDATA[Given Navigate to the "https://shop.unicity.com/#/home" application.........passed
Then Select State...........................................................passed
Then Retail Home Page.......................................................passed
Then Retail All Products....................................................failed
Then Retail Products........................................................skipped
Then Retail Accessories.....................................................skipped
Then Retail All Products in List View.......................................skipped
Then Retail Products in List View...........................................skipped
Then Retail Accessories in List View........................................skipped
When Added Retail Product to Cart...........................................skipped
Then Check the Retail Cart Details..........................................skipped
When Remove Retail Products from Cart.......................................skipped
Then Add Retail Products To Cart............................................skipped
Then Check Retail Product...................................................skipped
Then Check Retail Cart......................................................skipped
Then Sign Up Retail Customer................................................skipped
Then Check Retail Form Fields...............................................skipped
When Retail Payment Fields..................................................skipped
Then Banks Names............................................................skipped
Then Retail Order Summary...................................................skipped
When Retail Review Fields...................................................skipped
Then Retail Shipping Information............................................skipped
Then Retail Contact Information.............................................skipped
Then Payment Information....................................................skipped
When Retail Update Shipping.................................................skipped
When Retail Update Contact..................................................skipped
When Retail Update Payment..................................................skipped
When Retail Go Back.........................................................skipped
Then Retail Review Orders...................................................skipped
When Retail Placed Order Fields.............................................skipped
Then Placed Retail Shipping Information.....................................skipped
Then Placed Contact Information.............................................skipped
Then Placed Payment Information.............................................skipped
Then Retail Placed Orders...................................................skipped
When Retail Return Home.....................................................skipped
When Logout.................................................................skipped

StackTrace:
org.junit.ComparisonFailure: expected:<UNICITY [PREMIUM MATCHA] IN> but was:<UNICITY [MASK 10] IN>
	at org.junit.Assert.assertEquals(Assert.java:115)
	at org.junit.Assert.assertEquals(Assert.java:144)
	at POM.HomePage.RetailAllProducts(HomePage.java:580)
	at stepDefinitions.Home.retail_all_producst(Home.java:49)
	at ✽.Then Retail All Products(Retail.feature:10)
]]></failure>
</testcase>
</testsuite>
