<?xml version="1.0" encoding="UTF-8" standalone="no"?>
<testsuite failures="0" name="cucumber.runtime.formatter.JUnitFormatter" skipped="0" tests="1" time="33.82895">
<testcase classname="Application Login" name="Shopping Cart Applciation Order Submit" time="33.82895">
<system-out><![CDATA[Given Open the browser......................................................passed
And Navigate to the "http://shop.ng.unicityqa.com/master/#/home" application.passed
When user enters 108639101 and 1234 to login................................passed
Then Check Topmenu 108639101................................................passed
]]></system-out>
</testcase>
</testsuite>
