<?xml version="1.0" encoding="UTF-8" standalone="no"?>
<testsuite failures="0" name="cucumber.runtime.formatter.JUnitFormatter" skipped="0" tests="2" time="176.522069">
<testcase classname="All Users" name="With Out Order" time="89.139164">
<system-out><![CDATA[Given Navigate to the "https://shop.unicity.com/#/home" application.........passed
Given 206914401 and 0155....................................................passed
Then Home Page 206914401....................................................passed
Then Add Products To Cart 206914401.........................................passed
Then Check Product..........................................................passed
Then Check Cart.............................................................passed
Then Check Form Fields......................................................passed
Then Payment Avenue.........................................................passed
Then Review Orders..........................................................passed
Then CCAvenue Payment Details...............................................passed
]]></system-out>
</testcase>
<testcase classname="All Users" name="With Out Order 2" time="87.382905">
<system-out><![CDATA[Given Navigate to the "https://shop.unicity.com/#/home" application.........passed
Given 314852591 and asiaaktar...............................................passed
Then Home Page 314852591....................................................passed
Then Add Products To Cart 314852591.........................................passed
Then Check Product..........................................................passed
Then Check Cart.............................................................passed
Then Check Form Fields......................................................passed
Then Payment Avenue.........................................................passed
Then Review Orders..........................................................passed
Then CCAvenue Payment Details...............................................passed
]]></system-out>
</testcase>
</testsuite>
